android/build/intermediates/manifest_merge_blame_file/debug/manifest-merger-blame-debug-report.txt
1<?xml version="1.0" encoding="utf-8"?>
2<manifest xmlns:android="http://schemas.android.com/apk/res/android"
3    package="com.vincent.snakegame"
4    android:versionCode="1"
5    android:versionName="1.0" >
6
7    <uses-sdk
8        android:minSdkVersion="14"
8-->SnakeKotlin/android/AndroidManifest.xml
9        android:targetSdkVersion="31" />
9-->SnakeKotlin/android/AndroidManifest.xml
10
11    <uses-feature
11-->SnakeKotlin/android/AndroidManifest.xml:6:5-78
12        android:glEsVersion="0x00020000"
12-->SnakeKotlin/android/AndroidManifest.xml:6:19-51
13        android:required="true" />
13-->SnakeKotlin/android/AndroidManifest.xml:6:52-75
14
15    <application
15-->SnakeKotlin/android/AndroidManifest.xml:8:5-27:19
16        android:allowBackup="true"
16-->SnakeKotlin/android/AndroidManifest.xml:9:9-35
17        android:appCategory="game"
17-->SnakeKotlin/android/AndroidManifest.xml:13:9-35
18        android:debuggable="true"
19        android:fullBackupContent="true"
19-->SnakeKotlin/android/AndroidManifest.xml:10:9-41
20        android:icon="@drawable/snake_icon"
20-->SnakeKotlin/android/AndroidManifest.xml:11:9-44
21        android:isGame="true"
21-->SnakeKotlin/android/AndroidManifest.xml:12:9-30
22        android:label="@string/app_name"
22-->SnakeKotlin/android/AndroidManifest.xml:14:9-41
23        android:testOnly="true" >
24        <activity
24-->SnakeKotlin/android/AndroidManifest.xml:16:9-26:20
25            android:name="com.vincent.snakegame.KotlinLauncher"
25-->SnakeKotlin/android/AndroidManifest.xml:17:13-43
26            android:configChanges="keyboard|keyboardHidden|navigation|orientation|screenSize|screenLayout"
26-->SnakeKotlin/android/AndroidManifest.xml:20:13-107
27            android:exported="true"
27-->SnakeKotlin/android/AndroidManifest.xml:21:13-36
28            android:label="@string/app_name"
28-->SnakeKotlin/android/AndroidManifest.xml:18:13-45
29            android:screenOrientation="portrait" >
29-->SnakeKotlin/android/AndroidManifest.xml:19:13-49
30            <intent-filter>
30-->SnakeKotlin/android/AndroidManifest.xml:22:13-25:29
31                <action android:name="android.intent.action.MAIN" />
31-->SnakeKotlin/android/AndroidManifest.xml:23:17-69
31-->SnakeKotlin/android/AndroidManifest.xml:23:25-66
32
33                <category android:name="android.intent.category.LAUNCHER" />
33-->SnakeKotlin/android/AndroidManifest.xml:24:17-77
33-->SnakeKotlin/android/AndroidManifest.xml:24:27-74
34            </intent-filter>
35        </activity>
36    </application>
37
38</manifest>